<?xml version="1.0" encoding="UTF-8"?>
<!-- Generated by org.testng.reporters.JUnitReportReporter -->
<testsuite hostname="idea-PC" failures="0" tests="1" name="com.tatasky.test.smoke.SampleUnitTest" time="25.870" errors="0" timestamp="17 Sep 2018 17:01:09 GMT" skipped="0">
  <testcase classname="com.tatasky.test.smoke.SampleUnitTest" name="testApp" time="25.870"/>
</testsuite> <!-- com.tatasky.test.smoke.SampleUnitTest -->
