<?xml version="1.0" encoding="UTF-8"?>
<!-- Generated by org.testng.reporters.JUnitReportReporter -->
<testsuite hostname="idea-PC" failures="0" tests="1" name="com.tatasky.test.smoke.TestLoginS187654" time="28.852" errors="0" timestamp="21 Sep 2018 10:13:26 GMT" skipped="0">
  <testcase classname="com.tatasky.test.smoke.TestLoginS187654" name="testLoginInvalidTC197543" time="28.852"/>
</testsuite> <!-- com.tatasky.test.smoke.TestLoginS187654 -->
